2024-11-19T21:50:11.977018+00:00 INFO 'ansible_navigator.setup_logger' New ansible-navigator instance, logging initialized
2024-11-19T21:50:11.977428+00:00 INFO 'ansible_navigator.setup_logger' New ansible-runner instance, logging initialized
2024-11-19T21:50:11.977532+00:00 DEBUG 'ansible_navigator.main' Jinja2==3.1.2 
2024-11-19T21:50:11.977579+00:00 DEBUG 'ansible_navigator.main' MarkupSafe==2.1.0 
2024-11-19T21:50:11.977605+00:00 DEBUG 'ansible_navigator.main' PySocks==1.7.1 
2024-11-19T21:50:11.977629+00:00 DEBUG 'ansible_navigator.main' PyYAML==5.4.1 
2024-11-19T21:50:11.977651+00:00 DEBUG 'ansible_navigator.main' aiohappyeyeballs==2.4.3 /usr/local/lib/python3.9/site-packages/aiohappyeyeballs/__init__.py
2024-11-19T21:50:11.977674+00:00 DEBUG 'ansible_navigator.main' aiohttp==3.11.6 /usr/local/lib64/python3.9/site-packages/aiohttp/__init__.py
2024-11-19T21:50:11.977695+00:00 DEBUG 'ansible_navigator.main' aiokafka==0.12.0 /usr/local/lib64/python3.9/site-packages/aiokafka/__init__.py
2024-11-19T21:50:11.977717+00:00 DEBUG 'ansible_navigator.main' aiosignal==1.3.1 /usr/local/lib/python3.9/site-packages/aiosignal/__init__.py
2024-11-19T21:50:11.977742+00:00 DEBUG 'ansible_navigator.main' ansible-builder==3.0.1 
2024-11-19T21:50:11.977767+00:00 DEBUG 'ansible_navigator.main' ansible-compat==24.10.0 
2024-11-19T21:50:11.977789+00:00 DEBUG 'ansible_navigator.main' ansible-core==2.15.2 
2024-11-19T21:50:11.977813+00:00 DEBUG 'ansible_navigator.main' ansible-creator==24.1.0 
2024-11-19T21:50:11.977835+00:00 DEBUG 'ansible_navigator.main' ansible-lint==6.22.2 
2024-11-19T21:50:11.977858+00:00 DEBUG 'ansible_navigator.main' ansible-navigator==24.2.0 
2024-11-19T21:50:11.977880+00:00 DEBUG 'ansible_navigator.main' ansible-runner==2.3.6 
2024-11-19T21:50:11.977904+00:00 DEBUG 'ansible_navigator.main' ansible_rulebook==1.1.1 /usr/local/lib/python3.9/site-packages/ansible_rulebook/__init__.py
2024-11-19T21:50:11.977926+00:00 DEBUG 'ansible_navigator.main' async-timeout==5.0.1 
2024-11-19T21:50:11.977950+00:00 DEBUG 'ansible_navigator.main' attrs==23.2.0 /usr/local/lib/python3.9/site-packages/attrs/__init__.py
2024-11-19T21:50:11.977972+00:00 DEBUG 'ansible_navigator.main' awxkit==4.5.6 /usr/lib/python3.9/site-packages/awxkit/__init__.py
2024-11-19T21:50:11.977996+00:00 DEBUG 'ansible_navigator.main' bindep==2.10.2 /usr/lib/python3.9/site-packages/bindep/__init__.py
2024-11-19T21:50:11.978017+00:00 DEBUG 'ansible_navigator.main' black==22.8.0 /usr/lib/python3.9/site-packages/black/__init__.py
2024-11-19T21:50:11.978041+00:00 DEBUG 'ansible_navigator.main' boto3==1.22.10 /usr/lib/python3.9/site-packages/boto3/__init__.py
2024-11-19T21:50:11.978063+00:00 DEBUG 'ansible_navigator.main' botocore==1.25.10 /usr/lib/python3.9/site-packages/botocore/__init__.py
2024-11-19T21:50:11.978087+00:00 DEBUG 'ansible_navigator.main' bracex==2.2.1 /usr/lib/python3.9/site-packages/bracex/__init__.py
2024-11-19T21:50:11.978108+00:00 DEBUG 'ansible_navigator.main' certifi==2022.12.7 /usr/lib/python3.9/site-packages/certifi/__init__.py
2024-11-19T21:50:11.978132+00:00 DEBUG 'ansible_navigator.main' cffi==1.15.0 /usr/lib64/python3.9/site-packages/cffi/__init__.py
2024-11-19T21:50:11.978154+00:00 DEBUG 'ansible_navigator.main' charset-normalizer==2.0.11 
2024-11-19T21:50:11.978178+00:00 DEBUG 'ansible_navigator.main' click==8.1.3 /usr/lib/python3.9/site-packages/click/__init__.py
2024-11-19T21:50:11.978205+00:00 DEBUG 'ansible_navigator.main' commonmark==0.9.1 /usr/lib/python3.9/site-packages/commonmark/__init__.py
2024-11-19T21:50:11.978230+00:00 DEBUG 'ansible_navigator.main' cryptography==38.0.4 /usr/lib64/python3.9/site-packages/cryptography/__init__.py
2024-11-19T21:50:11.978252+00:00 DEBUG 'ansible_navigator.main' dbus-python==1.2.18 
2024-11-19T21:50:11.978273+00:00 DEBUG 'ansible_navigator.main' decorator==4.4.2 /usr/lib/python3.9/site-packages/decorator.py
2024-11-19T21:50:11.978294+00:00 DEBUG 'ansible_navigator.main' distro==1.6.0 /usr/lib/python3.9/site-packages/distro.py
2024-11-19T21:50:11.978318+00:00 DEBUG 'ansible_navigator.main' docutils==0.16 /usr/lib/python3.9/site-packages/docutils/__init__.py
2024-11-19T21:50:11.978349+00:00 DEBUG 'ansible_navigator.main' dpath==2.2.0 /usr/local/lib/python3.9/site-packages/dpath/__init__.py
2024-11-19T21:50:11.978371+00:00 DEBUG 'ansible_navigator.main' drools_jpy==0.3.9 
2024-11-19T21:50:11.978392+00:00 DEBUG 'ansible_navigator.main' exceptiongroup==1.2.1 /usr/local/lib/python3.9/site-packages/exceptiongroup/__init__.py
2024-11-19T21:50:11.978414+00:00 DEBUG 'ansible_navigator.main' file-magic==0.4.0 
2024-11-19T21:50:11.978435+00:00 DEBUG 'ansible_navigator.main' filelock==3.8.0 /usr/lib/python3.9/site-packages/filelock/__init__.py
2024-11-19T21:50:11.978457+00:00 DEBUG 'ansible_navigator.main' frozenlist==1.5.0 /usr/local/lib64/python3.9/site-packages/frozenlist/__init__.py
2024-11-19T21:50:11.978496+00:00 DEBUG 'ansible_navigator.main' h11==0.14.0 /usr/local/lib/python3.9/site-packages/h11/__init__.py
2024-11-19T21:50:11.978519+00:00 DEBUG 'ansible_navigator.main' idna==3.3 /usr/lib/python3.9/site-packages/idna/__init__.py
2024-11-19T21:50:11.978543+00:00 DEBUG 'ansible_navigator.main' importlib-metadata==6.0.1 
2024-11-19T21:50:11.978565+00:00 DEBUG 'ansible_navigator.main' importlib-resources==5.0.7 
2024-11-19T21:50:11.978588+00:00 DEBUG 'ansible_navigator.main' iniparse==0.4 /usr/lib/python3.9/site-packages/iniparse/__init__.py
2024-11-19T21:50:11.978610+00:00 DEBUG 'ansible_navigator.main' janus==1.1.0 /usr/local/lib/python3.9/site-packages/janus/__init__.py
2024-11-19T21:50:11.978633+00:00 DEBUG 'ansible_navigator.main' jmespath==0.10.0 /usr/lib/python3.9/site-packages/jmespath/__init__.py
2024-11-19T21:50:11.978655+00:00 DEBUG 'ansible_navigator.main' jpy==0.19.0 /usr/local/lib64/python3.9/site-packages/jpy.cpython-39-x86_64-linux-gnu.so
2024-11-19T21:50:11.978679+00:00 DEBUG 'ansible_navigator.main' jsonschema==4.16.0 /usr/lib/python3.9/site-packages/jsonschema/__init__.py
2024-11-19T21:50:11.978700+00:00 DEBUG 'ansible_navigator.main' lockfile==0.12.2 /usr/lib/python3.9/site-packages/lockfile/__init__.py
2024-11-19T21:50:11.978724+00:00 DEBUG 'ansible_navigator.main' multidict==6.1.0 /usr/local/lib64/python3.9/site-packages/multidict/__init__.py
2024-11-19T21:50:11.978745+00:00 DEBUG 'ansible_navigator.main' mypy-extensions==0.4.3 
2024-11-19T21:50:11.978769+00:00 DEBUG 'ansible_navigator.main' onigurumacffi==1.1.0 /usr/lib64/python3.9/site-packages/onigurumacffi.py
2024-11-19T21:50:11.978790+00:00 DEBUG 'ansible_navigator.main' outcome==1.3.0.post0 /usr/local/lib/python3.9/site-packages/outcome/__init__.py
2024-11-19T21:50:11.978814+00:00 DEBUG 'ansible_navigator.main' packaging==21.3 /usr/lib/python3.9/site-packages/packaging/__init__.py
2024-11-19T21:50:11.978836+00:00 DEBUG 'ansible_navigator.main' pathspec==0.12.1 /usr/lib/python3.9/site-packages/pathspec/__init__.py
2024-11-19T21:50:11.978859+00:00 DEBUG 'ansible_navigator.main' pbr==5.9.0 /usr/lib/python3.9/site-packages/pbr/__init__.py
2024-11-19T21:50:11.978881+00:00 DEBUG 'ansible_navigator.main' pip==21.2.3 /usr/lib/python3.9/site-packages/pip/__init__.py
2024-11-19T21:50:11.978905+00:00 DEBUG 'ansible_navigator.main' propcache==0.2.0 /usr/local/lib64/python3.9/site-packages/propcache/__init__.py
2024-11-19T21:50:11.978927+00:00 DEBUG 'ansible_navigator.main' psycopg-binary==3.2.3 
2024-11-19T21:50:11.978951+00:00 DEBUG 'ansible_navigator.main' psycopg2==2.9.3 /usr/lib64/python3.9/site-packages/psycopg2/__init__.py
2024-11-19T21:50:11.978973+00:00 DEBUG 'ansible_navigator.main' psycopg==3.2.3 /usr/local/lib/python3.9/site-packages/psycopg/__init__.py
2024-11-19T21:50:11.978997+00:00 DEBUG 'ansible_navigator.main' pycairo==1.20.1 
2024-11-19T21:50:11.979018+00:00 DEBUG 'ansible_navigator.main' pycparser==2.21 /usr/lib/python3.9/site-packages/pycparser/__init__.py
2024-11-19T21:50:11.979042+00:00 DEBUG 'ansible_navigator.main' pyinotify==0.9.6 /usr/lib/python3.9/site-packages/pyinotify.py
2024-11-19T21:50:11.979064+00:00 DEBUG 'ansible_navigator.main' pyrsistent==0.17.3 /usr/lib64/python3.9/site-packages/pyrsistent/__init__.py
2024-11-19T21:50:11.979088+00:00 DEBUG 'ansible_navigator.main' python-daemon==2.3.2 
2024-11-19T21:50:11.979114+00:00 DEBUG 'ansible_navigator.main' python-dateutil==2.8.1 
2024-11-19T21:50:11.979135+00:00 DEBUG 'ansible_navigator.main' receptorctl==1.4.5 /usr/lib/python3.9/site-packages/receptorctl/__init__.py
2024-11-19T21:50:11.979156+00:00 DEBUG 'ansible_navigator.main' requests==2.31.0 /usr/lib/python3.9/site-packages/requests/__init__.py
2024-11-19T21:50:11.979177+00:00 DEBUG 'ansible_navigator.main' requirements-parser==0.2.0 
2024-11-19T21:50:11.979205+00:00 DEBUG 'ansible_navigator.main' resolvelib==0.5.4 /usr/lib/python3.9/site-packages/resolvelib/__init__.py
2024-11-19T21:50:11.979227+00:00 DEBUG 'ansible_navigator.main' ruamel.yaml.clib==0.2.7 
2024-11-19T21:50:11.979251+00:00 DEBUG 'ansible_navigator.main' ruamel.yaml==0.18.6 /usr/local/lib/python3.9/site-packages/ruamel/yaml/__init__.py
2024-11-19T21:50:11.979272+00:00 DEBUG 'ansible_navigator.main' s3transfer==0.5.2 /usr/lib/python3.9/site-packages/s3transfer/__init__.py
2024-11-19T21:50:11.979296+00:00 DEBUG 'ansible_navigator.main' selenium==4.20.0 /usr/local/lib/python3.9/site-packages/selenium/__init__.py
2024-11-19T21:50:11.979317+00:00 DEBUG 'ansible_navigator.main' selinux==3.5 /usr/lib64/python3.9/site-packages/selinux/__init__.py
2024-11-19T21:50:11.979341+00:00 DEBUG 'ansible_navigator.main' sepolicy==3.5 /usr/lib/python3.9/site-packages/sepolicy/__init__.py
2024-11-19T21:50:11.979362+00:00 DEBUG 'ansible_navigator.main' setools==4.4.3 /usr/lib64/python3.9/site-packages/setools/__init__.py
2024-11-19T21:50:11.979383+00:00 DEBUG 'ansible_navigator.main' setuptools==53.0.0 /usr/lib/python3.9/site-packages/setuptools/__init__.py
2024-11-19T21:50:11.979404+00:00 DEBUG 'ansible_navigator.main' six==1.16.0 /usr/lib/python3.9/site-packages/six.py
2024-11-19T21:50:11.979428+00:00 DEBUG 'ansible_navigator.main' sniffio==1.3.1 /usr/local/lib/python3.9/site-packages/sniffio/__init__.py
2024-11-19T21:50:11.979450+00:00 DEBUG 'ansible_navigator.main' sortedcontainers==2.4.0 /usr/local/lib/python3.9/site-packages/sortedcontainers/__init__.py
2024-11-19T21:50:11.979482+00:00 DEBUG 'ansible_navigator.main' sos==4.7.0 /usr/lib/python3.9/site-packages/sos/__init__.py
2024-11-19T21:50:11.979506+00:00 DEBUG 'ansible_navigator.main' subprocess-tee==0.4.1 
2024-11-19T21:50:11.979527+00:00 DEBUG 'ansible_navigator.main' subscription-manager==1.29.40 
2024-11-19T21:50:11.979549+00:00 DEBUG 'ansible_navigator.main' supervisor==4.2.4 /usr/lib/python3.9/site-packages/supervisor/__init__.py
2024-11-19T21:50:11.979569+00:00 DEBUG 'ansible_navigator.main' tomli==2.0.1 /usr/lib/python3.9/site-packages/tomli/__init__.py
2024-11-19T21:50:11.979591+00:00 DEBUG 'ansible_navigator.main' trio-websocket==0.11.1 
2024-11-19T21:50:11.979612+00:00 DEBUG 'ansible_navigator.main' trio==0.25.0 /usr/local/lib/python3.9/site-packages/trio/__init__.py
2024-11-19T21:50:11.979633+00:00 DEBUG 'ansible_navigator.main' typing_extensions==4.11.0 /usr/local/lib/python3.9/site-packages/typing_extensions.py
2024-11-19T21:50:11.979653+00:00 DEBUG 'ansible_navigator.main' tzdata==2024.2 /usr/local/lib/python3.9/site-packages/tzdata/__init__.py
2024-11-19T21:50:11.979674+00:00 DEBUG 'ansible_navigator.main' urllib3==1.26.18 /usr/lib/python3.9/site-packages/urllib3/__init__.py
2024-11-19T21:50:11.979694+00:00 DEBUG 'ansible_navigator.main' watchdog==6.0.0 /usr/local/lib/python3.9/site-packages/watchdog/__init__.py
2024-11-19T21:50:11.979715+00:00 DEBUG 'ansible_navigator.main' wcmatch==8.3 /usr/lib/python3.9/site-packages/wcmatch/__init__.py
2024-11-19T21:50:11.979736+00:00 DEBUG 'ansible_navigator.main' websockets==14.1 /usr/local/lib64/python3.9/site-packages/websockets/__init__.py
2024-11-19T21:50:11.979756+00:00 DEBUG 'ansible_navigator.main' wsproto==1.2.0 /usr/local/lib/python3.9/site-packages/wsproto/__init__.py
2024-11-19T21:50:11.979777+00:00 DEBUG 'ansible_navigator.main' xxhash==3.5.0 /usr/local/lib64/python3.9/site-packages/xxhash/__init__.py
2024-11-19T21:50:11.979798+00:00 DEBUG 'ansible_navigator.main' yamllint==1.35.1 /usr/lib/python3.9/site-packages/yamllint/__init__.py
2024-11-19T21:50:11.979822+00:00 DEBUG 'ansible_navigator.main' yarl==1.17.2 /usr/local/lib64/python3.9/site-packages/yarl/__init__.py
2024-11-19T21:50:11.979843+00:00 DEBUG 'ansible_navigator.main' zipp==3.4.0 /usr/lib/python3.9/site-packages/zipp.py
2024-11-19T21:50:11.979865+00:00 DEBUG 'ansible_navigator.main' Default collection_doc_cache_path set to: /home/student/.cache/ansible-navigator/collection_doc_cache.db
2024-11-19T21:50:11.979887+00:00 DEBUG 'ansible_navigator.main' EDITOR environment variable not set
2024-11-19T21:50:11.979909+00:00 DEBUG 'ansible_navigator.main' Default editor_command set to: vi +{line_number} {filename}
2024-11-19T21:50:11.979930+00:00 DEBUG 'ansible_navigator.main' No config file set by ANSIBLE_NAVIGATOR_CONFIG
2024-11-19T21:50:11.979951+00:00 DEBUG 'ansible_navigator.main' Looking in /home/student
2024-11-19T21:50:11.979973+00:00 DEBUG 'ansible_navigator.main' Looking for '/home/student/.ansible-navigator.yml', '/home/student/.ansible-navigator.yaml' and '/home/student/.ansible-navigator.json'
2024-11-19T21:50:11.979998+00:00 DEBUG 'ansible_navigator.main' Found 1: '/home/student/.ansible-navigator.yml'
2024-11-19T21:50:11.980019+00:00 DEBUG 'ansible_navigator.main' Looking in /home/student/autocon2_aap_workshop
2024-11-19T21:50:11.980048+00:00 DEBUG 'ansible_navigator.main' Looking for '/home/student/autocon2_aap_workshop/ansible-navigator.yml', '/home/student/autocon2_aap_workshop/ansible-navigator.yaml' and '/home/student/autocon2_aap_workshop/ansible-navigator.json'
2024-11-19T21:50:11.980085+00:00 DEBUG 'ansible_navigator.main' Found 1: '/home/student/autocon2_aap_workshop/ansible-navigator.yml'
2024-11-19T21:50:11.980118+00:00 DEBUG 'ansible_navigator.main' All found 2: '/home/student/.ansible-navigator.yml' and '/home/student/autocon2_aap_workshop/ansible-navigator.yml'
2024-11-19T21:50:11.980149+00:00 DEBUG 'ansible_navigator.main' Using: /home/student/autocon2_aap_workshop/ansible-navigator.yml
2024-11-19T21:50:11.980183+00:00 DEBUG 'ansible_navigator.main' Using settings file at /home/student/autocon2_aap_workshop/ansible-navigator.yml in search path
2024-11-19T21:50:11.980230+00:00 DEBUG 'ansible_navigator.main' Command provided: 'run'
2024-11-19T21:50:11.980262+00:00 DEBUG 'ansible_navigator.main' ansible-navigator.ansible-runner.artifact-dir not found in settings file
2024-11-19T21:50:11.980295+00:00 DEBUG 'ansible_navigator.main' ansible-navigator.ansible-runner.rotate-artifacts-count not found in settings file
2024-11-19T21:50:11.980327+00:00 DEBUG 'ansible_navigator.main' ansible-navigator.ansible-runner.timeout not found in settings file
2024-11-19T21:50:11.980349+00:00 DEBUG 'ansible_navigator.main' ansible-navigator.ansible-runner.job-events not found in settings file
2024-11-19T21:50:11.980370+00:00 DEBUG 'ansible_navigator.main' ansible-navigator.app not found in settings file
2024-11-19T21:50:11.980392+00:00 DEBUG 'ansible_navigator.main' ansible-navigator.ansible.cmdline not found in settings file
2024-11-19T21:50:11.980412+00:00 DEBUG 'ansible_navigator.main' ansible-navigator.collection-doc-cache-path not found in settings file
2024-11-19T21:50:11.980433+00:00 DEBUG 'ansible_navigator.main' ansible-navigator.ansible.config.path not found in settings file
2024-11-19T21:50:11.980454+00:00 DEBUG 'ansible_navigator.main' ansible-navigator.execution-environment.container-options not found in settings file
2024-11-19T21:50:11.980489+00:00 DEBUG 'ansible_navigator.main' ansible-navigator.color.enable not found in settings file
2024-11-19T21:50:11.980512+00:00 DEBUG 'ansible_navigator.main' ansible-navigator.editor.command not found in settings file
2024-11-19T21:50:11.980537+00:00 DEBUG 'ansible_navigator.main' ansible-navigator.editor.console not found in settings file
2024-11-19T21:50:11.980559+00:00 DEBUG 'ansible_navigator.main' ansible-navigator.enable-prompts not found in settings file
2024-11-19T21:50:11.980580+00:00 DEBUG 'ansible_navigator.main' ansible-navigator.exec.command not found in settings file
2024-11-19T21:50:11.980606+00:00 DEBUG 'ansible_navigator.main' ansible-navigator.exec.shell not found in settings file
2024-11-19T21:50:11.980628+00:00 DEBUG 'ansible_navigator.main' ansible-navigator.execution-environment.volume-mounts not found in settings file
2024-11-19T21:50:11.980662+00:00 DEBUG 'ansible_navigator.main' ansible-navigator.format not found in settings file
2024-11-19T21:50:11.980695+00:00 DEBUG 'ansible_navigator.main' ansible-navigator.ansible-builder.help not found in settings file
2024-11-19T21:50:11.980730+00:00 DEBUG 'ansible_navigator.main' ansible-navigator.ansible.config.help not found in settings file
2024-11-19T21:50:11.980762+00:00 DEBUG 'ansible_navigator.main' ansible-navigator.ansible.doc.help not found in settings file
2024-11-19T21:50:11.980798+00:00 DEBUG 'ansible_navigator.main' ansible-navigator.ansible.inventory.help not found in settings file
2024-11-19T21:50:11.980834+00:00 DEBUG 'ansible_navigator.main' ansible-navigator.ansible.playbook.help not found in settings file
2024-11-19T21:50:11.980870+00:00 DEBUG 'ansible_navigator.main' ansible-navigator.images.details not found in settings file
2024-11-19T21:50:11.980901+00:00 DEBUG 'ansible_navigator.main' ansible-navigator.inventory-columns not found in settings file
2024-11-19T21:50:11.980922+00:00 DEBUG 'ansible_navigator.main' ansible-navigator.ansible-lint.config not found in settings file
2024-11-19T21:50:11.980943+00:00 DEBUG 'ansible_navigator.main' ansible-navigator.ansible-lint.lintables not found in settings file
2024-11-19T21:50:11.980964+00:00 DEBUG 'ansible_navigator.main' ansible-navigator.logging.append not found in settings file
2024-11-19T21:50:11.980986+00:00 DEBUG 'ansible_navigator.main' ansible-navigator.mode not found in settings file
2024-11-19T21:50:11.981014+00:00 DEBUG 'ansible_navigator.main' ansible-navigator.color.osc4 not found in settings file
2024-11-19T21:50:11.981049+00:00 DEBUG 'ansible_navigator.main' ansible-navigator.execution-environment.environment-variables.pass not found in settings file
2024-11-19T21:50:11.981084+00:00 DEBUG 'ansible_navigator.main' ansible-navigator.ansible.playbook.path not found in settings file
2024-11-19T21:50:11.981119+00:00 DEBUG 'ansible_navigator.main' ansible-navigator.playbook-artifact.enable not found in settings file
2024-11-19T21:50:11.981155+00:00 DEBUG 'ansible_navigator.main' ansible-navigator.playbook-artifact.replay not found in settings file
2024-11-19T21:50:11.981189+00:00 DEBUG 'ansible_navigator.main' ansible-navigator.ansible.doc.plugin.name not found in settings file
2024-11-19T21:50:11.981240+00:00 DEBUG 'ansible_navigator.main' ansible-navigator.ansible.doc.plugin.type not found in settings file
2024-11-19T21:50:11.981265+00:00 DEBUG 'ansible_navigator.main' ansible-navigator.execution-environment.pull.arguments not found in settings file
2024-11-19T21:50:11.981287+00:00 DEBUG 'ansible_navigator.main' ansible-navigator.execution-environment.environment-variables.set not found in settings file
2024-11-19T21:50:11.981308+00:00 DEBUG 'ansible_navigator.main' ansible-navigator.settings.effective not found in settings file
2024-11-19T21:50:11.981329+00:00 DEBUG 'ansible_navigator.main' ansible-navigator.settings.sample not found in settings file
2024-11-19T21:50:11.981350+00:00 DEBUG 'ansible_navigator.main' ansible-navigator.settings.schema not found in settings file
2024-11-19T21:50:11.981371+00:00 DEBUG 'ansible_navigator.main' ansible-navigator.settings.sources not found in settings file
2024-11-19T21:50:11.981392+00:00 DEBUG 'ansible_navigator.main' ansible-navigator.time-zone not found in settings file
2024-11-19T21:50:11.981413+00:00 DEBUG 'ansible_navigator.main' ansible-navigator.ansible-builder.workdir not found in settings file
2024-11-19T21:50:11.981434+00:00 DEBUG 'ansible_navigator.main' EE support enabled: using current working directory for 'ansible.cfg'
2024-11-19T21:50:11.981455+00:00 INFO 'ansible_navigator.main' EE support enabled: found 'ansible.cfg' in current working directory.
2024-11-19T21:50:11.981492+00:00 DEBUG 'ansible_navigator.main' Completed post processing for ansible_runner_artifact_dir. (changed=False)
2024-11-19T21:50:11.981521+00:00 DEBUG 'ansible_navigator.main' Completed post processing for ansible_runner_rotate_artifacts_count. (changed=False)
2024-11-19T21:50:11.981543+00:00 DEBUG 'ansible_navigator.main' Completed post processing for ansible_runner_timeout. (changed=False)
2024-11-19T21:50:11.981564+00:00 DEBUG 'ansible_navigator.main' Completed post processing for cmdline. (changed=False)
2024-11-19T21:50:11.981585+00:00 DEBUG 'ansible_navigator.main' Completed post processing for collection_doc_cache_path. (changed=False)
2024-11-19T21:50:11.981605+00:00 DEBUG 'ansible_navigator.main' Completed post processing for container_engine. (changed=False)
2024-11-19T21:50:11.981626+00:00 DEBUG 'ansible_navigator.main' Completed post processing for container_options. (changed=False)
2024-11-19T21:50:11.981647+00:00 DEBUG 'ansible_navigator.main' Completed post processing for display_color. (changed=False)
2024-11-19T21:50:11.981668+00:00 DEBUG 'ansible_navigator.main' Completed post processing for enable_prompts. (changed=False)
2024-11-19T21:50:11.981689+00:00 DEBUG 'ansible_navigator.main' Completed post processing for execution_environment. (changed=False)
2024-11-19T21:50:11.981710+00:00 DEBUG 'ansible_navigator.main' Completed post processing for execution_environment_image. (changed=False)
2024-11-19T21:50:11.981731+00:00 DEBUG 'ansible_navigator.main' Completed post processing for help_builder. (changed=False)
2024-11-19T21:50:11.981751+00:00 DEBUG 'ansible_navigator.main' Completed post processing for help_config. (changed=False)
2024-11-19T21:50:11.981772+00:00 DEBUG 'ansible_navigator.main' Completed post processing for help_doc. (changed=False)
2024-11-19T21:50:11.981792+00:00 DEBUG 'ansible_navigator.main' Completed post processing for help_inventory. (changed=False)
2024-11-19T21:50:11.981813+00:00 DEBUG 'ansible_navigator.main' Completed post processing for help_playbook. (changed=False)
2024-11-19T21:50:11.981833+00:00 DEBUG 'ansible_navigator.main' Completed post processing for images_details. (changed=False)
2024-11-19T21:50:11.981854+00:00 DEBUG 'ansible_navigator.main' Completed post processing for inventory. (changed=False)
2024-11-19T21:50:11.981875+00:00 DEBUG 'ansible_navigator.main' Completed post processing for inventory_column. (changed=False)
2024-11-19T21:50:11.981895+00:00 DEBUG 'ansible_navigator.main' Completed post processing for log_file. (changed=False)
2024-11-19T21:50:11.981919+00:00 DEBUG 'ansible_navigator.main' Completed post processing for pass_environment_variable. (changed=False)
2024-11-19T21:50:11.981940+00:00 DEBUG 'ansible_navigator.main' Completed post processing for playbook. (changed=False)
2024-11-19T21:50:11.981961+00:00 DEBUG 'ansible_navigator.main' Completed post processing for playbook_artifact_replay. (changed=False)
2024-11-19T21:50:11.981982+00:00 DEBUG 'ansible_navigator.main' Completed post processing for playbook_artifact_save_as. (changed=False)
2024-11-19T21:50:11.982006+00:00 DEBUG 'ansible_navigator.main' Completed post processing for plugin_name. (changed=False)
2024-11-19T21:50:11.982028+00:00 DEBUG 'ansible_navigator.main' Completed post processing for pull_arguments. (changed=False)
2024-11-19T21:50:11.982048+00:00 DEBUG 'ansible_navigator.main' Completed post processing for set_environment_variable. (changed=False)
2024-11-19T21:50:11.982069+00:00 DEBUG 'ansible_navigator.main' Completed post processing for settings_effective. (changed=False)
2024-11-19T21:50:11.982090+00:00 DEBUG 'ansible_navigator.main' Completed post processing for settings_sample. (changed=False)
2024-11-19T21:50:11.982111+00:00 DEBUG 'ansible_navigator.main' Completed post processing for settings_schema. (changed=False)
2024-11-19T21:50:11.982132+00:00 DEBUG 'ansible_navigator.main' Completed post processing for settings_sources. (changed=False)
2024-11-19T21:50:11.982152+00:00 DEBUG 'ansible_navigator.main' Completed post processing for time_zone. (changed=False)
2024-11-19T21:50:11.982173+00:00 DEBUG 'ansible_navigator.main' Completed post processing for execution_environment_volume_mounts. (changed=False)
2024-11-19T21:50:11.982203+00:00 DEBUG 'ansible_navigator.main' Completed post processing for mode. (changed=False)
2024-11-19T21:50:11.982230+00:00 DEBUG 'ansible_navigator.main' Completed post processing for playbook_artifact_enable. (changed=False)
2024-11-19T21:50:11.982258+00:00 WARNING 'ansible_navigator.main' Configuration errors encountered, rolling back to previous configuration.
2024-11-19T21:50:11.982280+00:00 DEBUG 'ansible_navigator.main' Prior to rollback: ansible_runner_artifact_dir = 'Not set' (Constants/Not set)
2024-11-19T21:50:11.982301+00:00 DEBUG 'ansible_navigator.main' Prior to rollback: ansible_runner_rotate_artifacts_count = 'Not set' (Constants/Not set)
2024-11-19T21:50:11.982322+00:00 DEBUG 'ansible_navigator.main' Prior to rollback: ansible_runner_timeout = 'Not set' (Constants/Not set)
2024-11-19T21:50:11.982343+00:00 DEBUG 'ansible_navigator.main' Prior to rollback: ansible_runner_write_job_events = 'False' (bool/Defaults)
2024-11-19T21:50:11.982363+00:00 DEBUG 'ansible_navigator.main' Prior to rollback: app = 'run' (str/Command line)
2024-11-19T21:50:11.982385+00:00 DEBUG 'ansible_navigator.main' Prior to rollback: cmdline = 'Not set' (Constants/Not set)
2024-11-19T21:50:11.982406+00:00 DEBUG 'ansible_navigator.main' Prior to rollback: collection_doc_cache_path = '/home/student/.cache/ansible-navigator/collection_doc_cache.db' (str/Defaults)
2024-11-19T21:50:11.982428+00:00 DEBUG 'ansible_navigator.main' Prior to rollback: config = 'Not set' (Constants/Not set)
2024-11-19T21:50:11.982449+00:00 DEBUG 'ansible_navigator.main' Prior to rollback: container_engine = 'podman' (str/Settings file)
2024-11-19T21:50:11.982478+00:00 DEBUG 'ansible_navigator.main' Prior to rollback: container_options = 'Not set' (Constants/Not set)
2024-11-19T21:50:11.982502+00:00 DEBUG 'ansible_navigator.main' Prior to rollback: display_color = 'True' (bool/Defaults)
2024-11-19T21:50:11.982523+00:00 DEBUG 'ansible_navigator.main' Prior to rollback: editor_command = 'vi +{line_number} {filename}' (str/Defaults)
2024-11-19T21:50:11.982544+00:00 DEBUG 'ansible_navigator.main' Prior to rollback: editor_console = 'True' (bool/Defaults)
2024-11-19T21:50:11.982564+00:00 DEBUG 'ansible_navigator.main' Prior to rollback: enable_prompts = 'False' (bool/Defaults)
2024-11-19T21:50:11.982585+00:00 DEBUG 'ansible_navigator.main' Prior to rollback: exec_command = '/bin/bash' (str/Defaults)
2024-11-19T21:50:11.982605+00:00 DEBUG 'ansible_navigator.main' Prior to rollback: exec_shell = 'True' (bool/Defaults)
2024-11-19T21:50:11.982626+00:00 DEBUG 'ansible_navigator.main' Prior to rollback: execution_environment = 'True' (bool/Settings file)
2024-11-19T21:50:11.982650+00:00 DEBUG 'ansible_navigator.main' Prior to rollback: execution_environment_image = 'autocon-ee:latest' (str/Settings file)
2024-11-19T21:50:11.982671+00:00 DEBUG 'ansible_navigator.main' Prior to rollback: execution_environment_volume_mounts = 'Not set' (Constants/Not set)
2024-11-19T21:50:11.982692+00:00 DEBUG 'ansible_navigator.main' Prior to rollback: format = 'yaml' (str/Defaults)
2024-11-19T21:50:11.982712+00:00 DEBUG 'ansible_navigator.main' Prior to rollback: help_builder = 'False' (bool/Defaults)
2024-11-19T21:50:11.982733+00:00 DEBUG 'ansible_navigator.main' Prior to rollback: help_config = 'False' (bool/Defaults)
2024-11-19T21:50:11.982754+00:00 DEBUG 'ansible_navigator.main' Prior to rollback: help_doc = 'False' (bool/Defaults)
2024-11-19T21:50:11.982774+00:00 DEBUG 'ansible_navigator.main' Prior to rollback: help_inventory = 'False' (bool/Defaults)
2024-11-19T21:50:11.982794+00:00 DEBUG 'ansible_navigator.main' Prior to rollback: help_playbook = 'False' (bool/Defaults)
2024-11-19T21:50:11.982815+00:00 DEBUG 'ansible_navigator.main' Prior to rollback: images_details = '['everything']' (list/Defaults)
2024-11-19T21:50:11.982835+00:00 DEBUG 'ansible_navigator.main' Prior to rollback: inventory = '['/home/student/autocon2_aap_workshop/hosts']' (list/Settings file)
2024-11-19T21:50:11.982860+00:00 DEBUG 'ansible_navigator.main' Prior to rollback: inventory_column = 'Not set' (Constants/Not set)
2024-11-19T21:50:11.982880+00:00 DEBUG 'ansible_navigator.main' Prior to rollback: lint_config = 'Not set' (Constants/Not set)
2024-11-19T21:50:11.982901+00:00 DEBUG 'ansible_navigator.main' Prior to rollback: lintables = 'Not set' (Constants/Not set)
2024-11-19T21:50:11.982921+00:00 DEBUG 'ansible_navigator.main' Prior to rollback: log_append = 'True' (bool/Defaults)
2024-11-19T21:50:11.982942+00:00 DEBUG 'ansible_navigator.main' Prior to rollback: log_file = '/home/student/ansible-navigator.log' (str/Settings file)
2024-11-19T21:50:11.982963+00:00 DEBUG 'ansible_navigator.main' Prior to rollback: log_level = 'debug' (str/Settings file)
2024-11-19T21:50:11.982983+00:00 DEBUG 'ansible_navigator.main' Prior to rollback: mode = 'interactive' (str/Defaults)
2024-11-19T21:50:11.983004+00:00 DEBUG 'ansible_navigator.main' Prior to rollback: osc4 = 'True' (bool/Defaults)
2024-11-19T21:50:11.983025+00:00 DEBUG 'ansible_navigator.main' Prior to rollback: pass_environment_variable = 'Not set' (Constants/Not set)
2024-11-19T21:50:11.983046+00:00 DEBUG 'ansible_navigator.main' Prior to rollback: playbook = 'Not set' (Constants/Not set)
2024-11-19T21:50:11.983079+00:00 DEBUG 'ansible_navigator.main' Prior to rollback: playbook_artifact_enable = 'True' (bool/Defaults)
2024-11-19T21:50:11.983121+00:00 DEBUG 'ansible_navigator.main' Prior to rollback: playbook_artifact_replay = 'Not set' (Constants/Not set)
2024-11-19T21:50:11.983165+00:00 DEBUG 'ansible_navigator.main' Prior to rollback: playbook_artifact_save_as = '/home/student/playbook-artifacts-autocon2/{playbook_name}-artifact-{time_stamp}.json' (str/Settings file)
2024-11-19T21:50:11.983209+00:00 DEBUG 'ansible_navigator.main' Prior to rollback: plugin_name = 'Not set' (Constants/Not set)
2024-11-19T21:50:11.983244+00:00 DEBUG 'ansible_navigator.main' Prior to rollback: plugin_type = 'module' (str/Defaults)
2024-11-19T21:50:11.983277+00:00 DEBUG 'ansible_navigator.main' Prior to rollback: pull_arguments = 'Not set' (Constants/Not set)
2024-11-19T21:50:11.983309+00:00 DEBUG 'ansible_navigator.main' Prior to rollback: pull_policy = 'never' (str/Settings file)
2024-11-19T21:50:11.983345+00:00 DEBUG 'ansible_navigator.main' Prior to rollback: set_environment_variable = 'Not set' (Constants/Not set)
2024-11-19T21:50:11.983379+00:00 DEBUG 'ansible_navigator.main' Prior to rollback: settings_effective = 'False' (bool/Defaults)
2024-11-19T21:50:11.983401+00:00 DEBUG 'ansible_navigator.main' Prior to rollback: settings_sample = 'False' (bool/Defaults)
2024-11-19T21:50:11.983421+00:00 DEBUG 'ansible_navigator.main' Prior to rollback: settings_schema = 'json' (str/Defaults)
2024-11-19T21:50:11.983442+00:00 DEBUG 'ansible_navigator.main' Prior to rollback: settings_sources = 'False' (bool/Defaults)
2024-11-19T21:50:11.983466+00:00 DEBUG 'ansible_navigator.main' Prior to rollback: time_zone = 'UTC' (str/Defaults)
2024-11-19T21:50:11.983509+00:00 DEBUG 'ansible_navigator.main' Prior to rollback: workdir = '/home/student/autocon2_aap_workshop' (str/Defaults)
2024-11-19T21:50:11.983531+00:00 DEBUG 'ansible_navigator.main' After rollback: ansible_runner_artifact_dir = 'Not set' (Constants/Not set)
2024-11-19T21:50:11.983552+00:00 DEBUG 'ansible_navigator.main' After rollback: ansible_runner_rotate_artifacts_count = 'Not set' (Constants/Not set)
2024-11-19T21:50:11.983573+00:00 DEBUG 'ansible_navigator.main' After rollback: ansible_runner_timeout = 'Not set' (Constants/Not set)
2024-11-19T21:50:11.983594+00:00 DEBUG 'ansible_navigator.main' After rollback: ansible_runner_write_job_events = 'Not set' (Constants/Not set)
2024-11-19T21:50:11.983615+00:00 DEBUG 'ansible_navigator.main' After rollback: app = 'Not set' (Constants/Not set)
2024-11-19T21:50:11.983635+00:00 DEBUG 'ansible_navigator.main' After rollback: cmdline = 'Not set' (Constants/Not set)
2024-11-19T21:50:11.983656+00:00 DEBUG 'ansible_navigator.main' After rollback: collection_doc_cache_path = 'Not set' (Constants/Not set)
2024-11-19T21:50:11.983684+00:00 DEBUG 'ansible_navigator.main' After rollback: config = 'Not set' (Constants/Not set)
2024-11-19T21:50:11.983719+00:00 DEBUG 'ansible_navigator.main' After rollback: container_engine = 'Not set' (Constants/Not set)
2024-11-19T21:50:11.983751+00:00 DEBUG 'ansible_navigator.main' After rollback: container_options = 'Not set' (Constants/Not set)
2024-11-19T21:50:11.983788+00:00 DEBUG 'ansible_navigator.main' After rollback: display_color = 'Not set' (Constants/Not set)
2024-11-19T21:50:11.983822+00:00 DEBUG 'ansible_navigator.main' After rollback: editor_command = 'Not set' (Constants/Not set)
2024-11-19T21:50:11.983857+00:00 DEBUG 'ansible_navigator.main' After rollback: editor_console = 'Not set' (Constants/Not set)
2024-11-19T21:50:11.983891+00:00 DEBUG 'ansible_navigator.main' After rollback: enable_prompts = 'Not set' (Constants/Not set)
2024-11-19T21:50:11.983924+00:00 DEBUG 'ansible_navigator.main' After rollback: exec_command = 'Not set' (Constants/Not set)
2024-11-19T21:50:11.983962+00:00 DEBUG 'ansible_navigator.main' After rollback: exec_shell = 'Not set' (Constants/Not set)
2024-11-19T21:50:11.984004+00:00 DEBUG 'ansible_navigator.main' After rollback: execution_environment = 'Not set' (Constants/Not set)
2024-11-19T21:50:11.984035+00:00 DEBUG 'ansible_navigator.main' After rollback: execution_environment_image = 'Not set' (Constants/Not set)
2024-11-19T21:50:11.984056+00:00 DEBUG 'ansible_navigator.main' After rollback: execution_environment_volume_mounts = 'Not set' (Constants/Not set)
2024-11-19T21:50:11.984077+00:00 DEBUG 'ansible_navigator.main' After rollback: format = 'Not set' (Constants/Not set)
2024-11-19T21:50:11.984097+00:00 DEBUG 'ansible_navigator.main' After rollback: help_builder = 'Not set' (Constants/Not set)
2024-11-19T21:50:11.984118+00:00 DEBUG 'ansible_navigator.main' After rollback: help_config = 'Not set' (Constants/Not set)
2024-11-19T21:50:11.984139+00:00 DEBUG 'ansible_navigator.main' After rollback: help_doc = 'Not set' (Constants/Not set)
2024-11-19T21:50:11.984159+00:00 DEBUG 'ansible_navigator.main' After rollback: help_inventory = 'Not set' (Constants/Not set)
2024-11-19T21:50:11.984180+00:00 DEBUG 'ansible_navigator.main' After rollback: help_playbook = 'Not set' (Constants/Not set)
2024-11-19T21:50:11.984208+00:00 DEBUG 'ansible_navigator.main' After rollback: images_details = 'Not set' (Constants/Not set)
2024-11-19T21:50:11.984232+00:00 DEBUG 'ansible_navigator.main' After rollback: inventory = 'Not set' (Constants/Not set)
2024-11-19T21:50:11.984254+00:00 DEBUG 'ansible_navigator.main' After rollback: inventory_column = 'Not set' (Constants/Not set)
2024-11-19T21:50:11.984274+00:00 DEBUG 'ansible_navigator.main' After rollback: lint_config = 'Not set' (Constants/Not set)
2024-11-19T21:50:11.984296+00:00 DEBUG 'ansible_navigator.main' After rollback: lintables = 'Not set' (Constants/Not set)
2024-11-19T21:50:11.984317+00:00 DEBUG 'ansible_navigator.main' After rollback: log_append = 'Not set' (Constants/Not set)
2024-11-19T21:50:11.984337+00:00 DEBUG 'ansible_navigator.main' After rollback: log_file = 'Not set' (Constants/Not set)
2024-11-19T21:50:11.984361+00:00 DEBUG 'ansible_navigator.main' After rollback: log_level = 'Not set' (Constants/Not set)
2024-11-19T21:50:11.984382+00:00 DEBUG 'ansible_navigator.main' After rollback: mode = 'Not set' (Constants/Not set)
2024-11-19T21:50:11.984405+00:00 DEBUG 'ansible_navigator.main' After rollback: osc4 = 'Not set' (Constants/Not set)
2024-11-19T21:50:11.984426+00:00 DEBUG 'ansible_navigator.main' After rollback: pass_environment_variable = 'Not set' (Constants/Not set)
2024-11-19T21:50:11.984450+00:00 DEBUG 'ansible_navigator.main' After rollback: playbook = 'Not set' (Constants/Not set)
2024-11-19T21:50:11.984483+00:00 DEBUG 'ansible_navigator.main' After rollback: playbook_artifact_enable = 'Not set' (Constants/Not set)
2024-11-19T21:50:11.984513+00:00 DEBUG 'ansible_navigator.main' After rollback: playbook_artifact_replay = 'Not set' (Constants/Not set)
2024-11-19T21:50:11.984540+00:00 DEBUG 'ansible_navigator.main' After rollback: playbook_artifact_save_as = 'Not set' (Constants/Not set)
2024-11-19T21:50:11.984562+00:00 DEBUG 'ansible_navigator.main' After rollback: plugin_name = 'Not set' (Constants/Not set)
2024-11-19T21:50:11.984583+00:00 DEBUG 'ansible_navigator.main' After rollback: plugin_type = 'Not set' (Constants/Not set)
2024-11-19T21:50:11.984603+00:00 DEBUG 'ansible_navigator.main' After rollback: pull_arguments = 'Not set' (Constants/Not set)
2024-11-19T21:50:11.984625+00:00 DEBUG 'ansible_navigator.main' After rollback: pull_policy = 'Not set' (Constants/Not set)
2024-11-19T21:50:11.984645+00:00 DEBUG 'ansible_navigator.main' After rollback: set_environment_variable = 'Not set' (Constants/Not set)
2024-11-19T21:50:11.984669+00:00 DEBUG 'ansible_navigator.main' After rollback: settings_effective = 'Not set' (Constants/Not set)
2024-11-19T21:50:11.984690+00:00 DEBUG 'ansible_navigator.main' After rollback: settings_sample = 'Not set' (Constants/Not set)
2024-11-19T21:50:11.984713+00:00 DEBUG 'ansible_navigator.main' After rollback: settings_schema = 'Not set' (Constants/Not set)
2024-11-19T21:50:11.984734+00:00 DEBUG 'ansible_navigator.main' After rollback: settings_sources = 'Not set' (Constants/Not set)
2024-11-19T21:50:11.984757+00:00 DEBUG 'ansible_navigator.main' After rollback: time_zone = 'Not set' (Constants/Not set)
2024-11-19T21:50:11.984778+00:00 DEBUG 'ansible_navigator.main' After rollback: workdir = 'Not set' (Constants/Not set)
2024-11-19T21:50:11.984801+00:00 DEBUG 'ansible_navigator.main' Configuration rollback complete.
2024-11-19T21:50:11.984823+00:00 DEBUG 'ansible_navigator.main' Collection doc cache not mounted
2024-11-19T21:50:11.984864+00:00 WARNING 'ansible_navigator.main' Issues were found while applying the settings.
2024-11-19T21:50:11.984890+00:00 INFO 'ansible_navigator.main' Command provided: 'run'
2024-11-19T21:50:11.984921+00:00 ERROR 'ansible_navigator.main' A playbook is required when using the run subcommand
2024-11-19T21:50:11.984946+00:00 INFO 'ansible_navigator.main' Try again with 'run <playbook name>'
2024-11-19T21:50:11.984972+00:00 INFO 'ansible_navigator.main' Configuration failed, using default log file location. (/home/student/autocon2_aap_workshop/ansible-navigator.log) Log level set to debug
2024-11-19T21:50:11.984997+00:00 INFO 'ansible_navigator.main' Review the hints and log file to see what went wrong.
